0 info it worked if it ends with ok
1 verbose cli [ 'E:\\Program Files\\nodejs\\node.exe',
1 verbose cli   'E:\\Program Files\\nodejs\\node_modules\\npm\\bin\\npm-cli.js',
1 verbose cli   'publish' ]
2 info using npm@3.10.9
3 info using node@v6.9.2
4 verbose publish [ '.' ]
5 silly cache add args [ '.', null ]
6 verbose cache add spec .
7 silly cache add parsed spec Result {
7 silly cache add   raw: '.',
7 silly cache add   scope: null,
7 silly cache add   escapedName: null,
7 silly cache add   name: null,
7 silly cache add   rawSpec: '.',
7 silly cache add   spec: 'K:\\github.projects\\youziku-plus-sdk-nodejs',
7 silly cache add   type: 'directory' }
8 verbose addLocalDirectory C:\Users\bing-pc\AppData\Roaming\npm-cache\youziku-plus\1.0.0\package.tgz not in flight; packing
9 verbose correctMkdir C:\Users\bing-pc\AppData\Roaming\npm-cache correctMkdir not in flight; initializing
10 info lifecycle youziku-plus@1.0.0~prepublish: youziku-plus@1.0.0
11 silly lifecycle youziku-plus@1.0.0~prepublish: no script for prepublish, continuing
12 verbose tar pack [ 'C:\\Users\\bing-pc\\AppData\\Roaming\\npm-cache\\youziku-plus\\1.0.0\\package.tgz',
12 verbose tar pack   'K:\\github.projects\\youziku-plus-sdk-nodejs' ]
13 verbose tarball C:\Users\bing-pc\AppData\Roaming\npm-cache\youziku-plus\1.0.0\package.tgz
14 verbose folder K:\github.projects\youziku-plus-sdk-nodejs
15 verbose addLocalTarball adding from inside cache C:\Users\bing-pc\AppData\Roaming\npm-cache\youziku-plus\1.0.0\package.tgz
16 verbose correctMkdir C:\Users\bing-pc\AppData\Roaming\npm-cache correctMkdir not in flight; initializing
17 silly cache afterAdd youziku-plus@1.0.0
18 verbose afterAdd C:\Users\bing-pc\AppData\Roaming\npm-cache\youziku-plus\1.0.0\package\package.json not in flight; writing
19 verbose correctMkdir C:\Users\bing-pc\AppData\Roaming\npm-cache correctMkdir not in flight; initializing
20 verbose afterAdd C:\Users\bing-pc\AppData\Roaming\npm-cache\youziku-plus\1.0.0\package\package.json written
21 silly publish { name: 'youziku-plus',
21 silly publish   version: '1.0.0',
21 silly publish   description: 'youziku plus sdk nodejs 2018-10-16',
21 silly publish   main: 'src/index.js',
21 silly publish   scripts: { test: '' },
21 silly publish   repository:
21 silly publish    { type: 'git',
21 silly publish      url: 'git+https://github.com/youziku/youziku-plus-sdk-nodejs.git' },
21 silly publish   author: { name: 'gaobingbing' },
21 silly publish   license: 'MIT',
21 silly publish   bugs: { url: 'https://github.com/youziku/youziku-plus-sdk-nodejs/issues' },
21 silly publish   homepage: 'https://github.com/youziku/youziku-plus-sdk-nodejs#readme',
21 silly publish   dependencies: { axios: '*' },
21 silly publish   devDependencies: {},
21 silly publish   readme: '# youziku-plus-sdk-nodejs',
21 silly publish   readmeFilename: 'README.md',
21 silly publish   gitHead: 'b83172a6b78f9b7bc8c6aa240bf04ea5247abb92',
21 silly publish   _id: 'youziku-plus@1.0.0',
21 silly publish   _shasum: 'c438244c25a2b01126111b7165307dab5c6d6312',
21 silly publish   _from: '.' }
22 verbose getPublishConfig undefined
23 silly mapToRegistry name youziku-plus
24 silly mapToRegistry using default registry
25 silly mapToRegistry registry https://registry.npmjs.org/
26 silly mapToRegistry data Result {
26 silly mapToRegistry   raw: 'youziku-plus',
26 silly mapToRegistry   scope: null,
26 silly mapToRegistry   escapedName: 'youziku-plus',
26 silly mapToRegistry   name: 'youziku-plus',
26 silly mapToRegistry   rawSpec: '',
26 silly mapToRegistry   spec: 'latest',
26 silly mapToRegistry   type: 'tag' }
27 silly mapToRegistry uri https://registry.npmjs.org/youziku-plus
28 verbose publish registryBase https://registry.npmjs.org/
29 silly publish uploading C:\Users\bing-pc\AppData\Roaming\npm-cache\youziku-plus\1.0.0\package.tgz
30 verbose request uri https://registry.npmjs.org/youziku-plus
31 verbose request sending authorization for write operation
32 info attempt registry request try #1 at 12:52:53
33 verbose request using bearer token for auth
34 verbose request id 64e29bb2af579d45
35 http request PUT https://registry.npmjs.org/youziku-plus
36 http 403 https://registry.npmjs.org/youziku-plus
37 verbose headers { date: 'Tue, 16 Oct 2018 04:52:53 GMT',
37 verbose headers   'content-type': 'application/json',
37 verbose headers   'transfer-encoding': 'chunked',
37 verbose headers   connection: 'keep-alive',
37 verbose headers   'set-cookie': [ '__cfduid=d2f8c7d8701b898601dd39a7f55a289a01539665573; expires=Wed, 16-Oct-19 04:52:53 GMT; path=/; domain=.registry.npmjs.org; HttpOnly' ],
37 verbose headers   'cf-ray': '46a7eb283c347772-LAX',
37 verbose headers   'expect-ct': 'max-age=604800, report-uri="https://report-uri.cloudflare.com/cdn-cgi/beacon/expect-ct"',
37 verbose headers   vary: 'Accept-Encoding',
37 verbose headers   server: 'cloudflare',
37 verbose headers   'content-encoding': 'gzip' }
38 verbose request invalidating C:\Users\bing-pc\AppData\Roaming\npm-cache\registry.npmjs.org\youziku-plus on PUT
39 error publish Failed PUT 403
40 verbose stack Error: you must verify your email before publishing a new package: https://www.npmjs.com/email-edit : youziku-plus
40 verbose stack     at makeError (E:\Program Files\nodejs\node_modules\npm\node_modules\npm-registry-client\lib\request.js:302:12)
40 verbose stack     at CachingRegistryClient.<anonymous> (E:\Program Files\nodejs\node_modules\npm\node_modules\npm-registry-client\lib\request.js:290:14)
40 verbose stack     at E:\Program Files\nodejs\node_modules\npm\node_modules\npm-registry-client\lib\request.js:216:7
40 verbose stack     at Gunzip.onEnd (zlib.js:227:5)
40 verbose stack     at emitNone (events.js:91:20)
40 verbose stack     at Gunzip.emit (events.js:185:7)
40 verbose stack     at endReadableNT (_stream_readable.js:974:12)
40 verbose stack     at _combinedTickCallback (internal/process/next_tick.js:74:11)
40 verbose stack     at process._tickCallback (internal/process/next_tick.js:98:9)
41 verbose statusCode 403
42 verbose pkgid youziku-plus
43 verbose cwd K:\github.projects\youziku-plus-sdk-nodejs
44 error Windows_NT 10.0.17134
45 error argv "E:\\Program Files\\nodejs\\node.exe" "E:\\Program Files\\nodejs\\node_modules\\npm\\bin\\npm-cli.js" "publish"
46 error node v6.9.2
47 error npm  v3.10.9
48 error code E403
49 error you must verify your email before publishing a new package: https://www.npmjs.com/email-edit : youziku-plus
50 error If you need help, you may report this error at:
50 error     <https://github.com/npm/npm/issues>
51 verbose exit [ 1, true ]
